<?xml version="1.0" encoding="UTF-8"?>
<?xml-stylesheet type="text/xsl" href="ivy-report.xsl"?>
<ivy-report version="1.0">
	<info
		organisation="helloscala"
		module="helloscala_2.9.2"
		revision="0.1"
		conf="test-internal"
		confs="compile, runtime, test, provided, optional, compile-internal, runtime-internal, test-internal, plugin, sources, docs, pom"
		date="20130113211604"/>
	<dependencies>
		<module organisation="org.scalatest" name="scalatest_2.9.2">
			<revision name="1.8" status="release" pubdate="20120528041313" resolver="public" artresolver="public" homepage="http://www.scalatest.org" downloaded="false" searched="false" default="false" conf="default(compile), default, compile, runtime, master" position="1">
				<license name="the Apache License, ASL Version 2.0" url="http://www.apache.org/licenses/LICENSE-2.0"/>
				<metadata-artifact status="no" details="" size="4596" time="0" location="/Users/g0632198/.ivy2/cache/org.scalatest/scalatest_2.9.2/ivy-1.8.xml" searched="false" origin-is-local="false" origin-location="http://repo1.maven.org/maven2/org/scalatest/scalatest_2.9.2/1.8/scalatest_2.9.2-1.8.pom"/>
				<caller organisation="helloscala" name="helloscala_2.9.2" conf="test-internal, test, optional, compile, provided, runtime" rev="1.8" rev-constraint-default="1.8" rev-constraint-dynamic="1.8" callerrev="0.1"/>
				<artifacts>
					<artifact name="scalatest_2.9.2" type="jar" ext="jar" status="no" details="" size="3053035" time="0" location="/Users/g0632198/.ivy2/cache/org.scalatest/scalatest_2.9.2/jars/scalatest_2.9.2-1.8.jar">
						<origin-location is-local="false" location="http://repo1.maven.org/maven2/org/scalatest/scalatest_2.9.2/1.8/scalatest_2.9.2-1.8.jar"/>
					</artifact>
				</artifacts>
			</revision>
		</module>
		<module organisation="org.scala-lang" name="scala-library">
			<revision name="2.9.2" status="release" pubdate="20120413212921" resolver="sbt-chain" artresolver="sbt-chain" homepage="http://www.scala-lang.org/" downloaded="false" searched="false" default="false" conf="default(compile), default, compile, master(*), compile(*), runtime, runtime(*), master" position="0">
				<license name="BSD-like" url="http://www.scala-lang.org/downloads/license.html          "/>
				<metadata-artifact status="no" details="" size="2391" time="0" location="/Users/g0632198/.ivy2/cache/org.scala-lang/scala-library/ivy-2.9.2.xml" searched="false" origin-is-local="false" origin-location="http://repo1.maven.org/maven2/org/scala-lang/scala-library/2.9.2/scala-library-2.9.2.pom"/>
				<caller organisation="org.scalatest" name="scalatest_2.9.2" conf="default, compile, runtime, master" rev="2.9.2" rev-constraint-default="2.9.2" rev-constraint-dynamic="2.9.2" callerrev="1.8"/>
				<caller organisation="helloscala" name="helloscala_2.9.2" conf="test-internal, test, optional, compile, provided, runtime" rev="2.9.2" rev-constraint-default="2.9.2" rev-constraint-dynamic="2.9.2" callerrev="0.1"/>
				<artifacts>
				</artifacts>
			</revision>
		</module>
	</dependencies>
</ivy-report>
